app/build/outputs/logs/manifest-merger-debug-report.txt
-- Merging decision tree log ---
manifest
ADDED from AndroidManifest.xml:2:1
	package
		ADDED from AndroidManifest.xml:3:5
		INJECTED from AndroidManifest.xml:0:0
		INJECTED from AndroidManifest.xml:0:0
	android:versionName
		ADDED from AndroidManifest.xml:5:5
	android:versionCode
		ADDED from AndroidManifest.xml:4:5
		INJECTED from AndroidManifest.xml:0:0
		INJECTED from AndroidManifest.xml:0:0
	xmlns:android
		ADDED from AndroidManifest.xml:2:11
uses-sdk
ADDED from AndroidManifest.xml:7:5
MERGED from com.android.support:appcompat-v7:21.0.3:15:5
MERGED from com.android.support:support-v4:22.2.0:20:5
MERGED from com.rockerhieu.emojicon:library:1.3.1:5:5
MERGED from com.android.support:support-v4:22.2.0:20:5
	android:targetSdkVersion
		ADDED from AndroidManifest.xml:9:9
		INJECTED from AndroidManifest.xml:0:0
		INJECTED from AndroidManifest.xml:0:0
	android:minSdkVersion
		ADDED from AndroidManifest.xml:8:9
		INJECTED from AndroidManifest.xml:0:0
		INJECTED from AndroidManifest.xml:0:0
uses-permission#android.permission.INTERNET
ADDED from AndroidManifest.xml:11:5
	android:name
		ADDED from AndroidManifest.xml:11:22
uses-permission#android.permission.ACCESS_NETWORK_STATE
ADDED from AndroidManifest.xml:12:5
	android:name
		ADDED from AndroidManifest.xml:12:22
uses-permission#android.permission.ACCESS_WIFI_STATE
ADDED from AndroidManifest.xml:13:5
	android:name
		ADDED from AndroidManifest.xml:13:22
uses-permission#android.permission.READ_EXTERNAL_STORAGE
ADDED from AndroidManifest.xml:14:5
	android:name
		ADDED from AndroidManifest.xml:14:22
uses-permission#android.permission.CAMERA
ADDED from AndroidManifest.xml:15:5
	android:name
		ADDED from AndroidManifest.xml:15:22
uses-permission#android.permission.RECORD_AUDIO
ADDED from AndroidManifest.xml:16:5
	android:name
		ADDED from AndroidManifest.xml:16:22
uses-permission#android.permission.WRITE_EXTERNAL_STORAGE
ADDED from AndroidManifest.xml:17:5
	android:name
		ADDED from AndroidManifest.xml:17:22
supports-screens
ADDED from AndroidManifest.xml:19:5
	android:largeScreens
		ADDED from AndroidManifest.xml:21:9
	android:smallScreens
		ADDED from AndroidManifest.xml:24:9
	android:normalScreens
		ADDED from AndroidManifest.xml:22:9
	android:xlargeScreens
		ADDED from AndroidManifest.xml:25:9
	android:resizeable
		ADDED from AndroidManifest.xml:23:9
	android:anyDensity
		ADDED from AndroidManifest.xml:20:9
uses-feature#android.hardware.telephony
ADDED from AndroidManifest.xml:27:5
	android:required
		ADDED from AndroidManifest.xml:29:9
	android:name
		ADDED from AndroidManifest.xml:28:9
uses-feature#android.hardware.telephony.cdma
ADDED from AndroidManifest.xml:30:5
	android:required
		ADDED from AndroidManifest.xml:32:9
	android:name
		ADDED from AndroidManifest.xml:31:9
uses-feature#android.hardware.telephony.gsm
ADDED from AndroidManifest.xml:33:5
	android:required
		ADDED from AndroidManifest.xml:35:9
	android:name
		ADDED from AndroidManifest.xml:34:9
uses-feature#android.hardware.bluetooth
ADDED from AndroidManifest.xml:36:5
	android:required
		ADDED from AndroidManifest.xml:38:9
	android:name
		ADDED from AndroidManifest.xml:37:9
uses-feature#android.hardware.camera
ADDED from AndroidManifest.xml:39:5
	android:required
		ADDED from AndroidManifest.xml:41:9
	android:name
		ADDED from AndroidManifest.xml:40:9
uses-feature#android.hardware.camera.front
ADDED from AndroidManifest.xml:42:5
	android:required
		ADDED from AndroidManifest.xml:44:9
	android:name
		ADDED from AndroidManifest.xml:43:9
uses-feature#android.hardware.location
ADDED from AndroidManifest.xml:45:5
	android:required
		ADDED from AndroidManifest.xml:47:9
	android:name
		ADDED from AndroidManifest.xml:46:9
uses-feature#android.hardware.location.network
ADDED from AndroidManifest.xml:48:5
	android:required
		ADDED from AndroidManifest.xml:50:9
	android:name
		ADDED from AndroidManifest.xml:49:9
uses-feature#android.hardware.location.gps
ADDED from AndroidManifest.xml:51:5
	android:required
		ADDED from AndroidManifest.xml:53:9
	android:name
		ADDED from AndroidManifest.xml:52:9
uses-feature#android.hardware.microphone
ADDED from AndroidManifest.xml:54:5
	android:required
		ADDED from AndroidManifest.xml:56:9
	android:name
		ADDED from AndroidManifest.xml:55:9
uses-feature#android.hardware.wifi
ADDED from AndroidManifest.xml:57:5
	android:required
		ADDED from AndroidManifest.xml:59:9
	android:name
		ADDED from AndroidManifest.xml:58:9
uses-feature#android.hardware.touchscreen
ADDED from AndroidManifest.xml:60:5
	android:required
		ADDED from AndroidManifest.xml:62:9
	android:name
		ADDED from AndroidManifest.xml:61:9
uses-feature#android.hardware.screen.portrait
ADDED from AndroidManifest.xml:63:5
	android:required
		ADDED from AndroidManifest.xml:65:9
	android:name
		ADDED from AndroidManifest.xml:64:9
uses-feature#android.hardware.screen.landscape
ADDED from AndroidManifest.xml:66:5
	android:required
		ADDED from AndroidManifest.xml:68:9
	android:name
		ADDED from AndroidManifest.xml:67:9
application
ADDED from AndroidManifest.xml:70:5
MERGED from com.android.support:appcompat-v7:21.0.3:16:5
MERGED from com.android.support:support-v4:22.2.0:22:5
MERGED from com.rockerhieu.emojicon:library:1.3.1:9:5
MERGED from com.android.support:support-v4:22.2.0:22:5
	android:label
		ADDED from AndroidManifest.xml:73:9
	android:allowBackup
		ADDED from AndroidManifest.xml:71:9
	android:icon
		ADDED from AndroidManifest.xml:72:9
	android:theme
		ADDED from AndroidManifest.xml:74:9
activity#com.inscripts.sdk.demo.UsersListActivity
ADDED from AndroidManifest.xml:75:9
	android:parentActivityName
		ADDED from AndroidManifest.xml:77:13
	android:name
		ADDED from AndroidManifest.xml:76:13
meta-data#android.support.PARENT_ACTIVITY
ADDED from AndroidManifest.xml:80:13
	android:value
		ADDED from AndroidManifest.xml:82:17
	android:name
		ADDED from AndroidManifest.xml:81:17
activity#com.inscripts.sdk.demo.ChatroomListActivity
ADDED from AndroidManifest.xml:84:9
	android:label
		ADDED from AndroidManifest.xml:86:13
	android:parentActivityName
		ADDED from AndroidManifest.xml:87:13
	android:name
		ADDED from AndroidManifest.xml:85:13
activity#com.inscripts.sdk.demo.SingleChatActivity
ADDED from AndroidManifest.xml:94:9
	android:label
		ADDED from AndroidManifest.xml:96:13
	android:parentActivityName
		ADDED from AndroidManifest.xml:97:13
	android:name
		ADDED from AndroidManifest.xml:95:13
activity#com.inscripts.sdk.demo.ChatroomChatActivity
ADDED from AndroidManifest.xml:102:9
	android:label
		ADDED from AndroidManifest.xml:104:13
	android:parentActivityName
		ADDED from AndroidManifest.xml:105:13
	android:name
		ADDED from AndroidManifest.xml:103:13
activity#com.inscripts.sdk.demo.CometChatActivity
ADDED from AndroidManifest.xml:110:9
	android:label
		ADDED from AndroidManifest.xml:112:13
	android:name
		ADDED from AndroidManifest.xml:111:13
activity#com.inscripts.sdk.demo.LogsActivity
ADDED from AndroidManifest.xml:114:9
	android:label
		ADDED from AndroidManifest.xml:116:13
	android:parentActivityName
		ADDED from AndroidManifest.xml:117:13
	android:name
		ADDED from AndroidManifest.xml:115:13
activity#com.inscripts.sdk.demo.IncomingCallActivity
ADDED from AndroidManifest.xml:122:9
	android:label
		ADDED from AndroidManifest.xml:124:13
	android:name
		ADDED from AndroidManifest.xml:123:13
activity#com.inscripts.sdk.demo.OutgoiningCallActivity
ADDED from AndroidManifest.xml:126:9
	android:label
		ADDED from AndroidManifest.xml:128:13
	android:name
		ADDED from AndroidManifest.xml:127:13
activity#com.inscripts.sdk.demo.AVChatActivity
ADDED from AndroidManifest.xml:130:9
	android:name
		ADDED from AndroidManifest.xml:130:19
activity#com.inscripts.sdk.demo.UrlScreenActivity
ADDED from AndroidManifest.xml:132:9
	android:label
		ADDED from AndroidManifest.xml:134:13
	android:name
		ADDED from AndroidManifest.xml:133:13
intent-filter#android.intent.action.MAIN+android.intent.category.LAUNCHER
ADDED from AndroidManifest.xml:135:13
action#android.intent.action.MAIN
ADDED from AndroidManifest.xml:136:17
	android:name
		ADDED from AndroidManifest.xml:136:25
category#android.intent.category.LAUNCHER
ADDED from AndroidManifest.xml:138:17
	android:name
		ADDED from AndroidManifest.xml:138:27
activity#com.inscripts.sdk.demo.LoginTypeActivity
ADDED from AndroidManifest.xml:141:9
	android:label
		ADDED from AndroidManifest.xml:143:13
	android:parentActivityName
		ADDED from AndroidManifest.xml:144:13
	android:name
		ADDED from AndroidManifest.xml:142:13
activity#com.inscripts.sdk.demo.LoginActivity
ADDED from AndroidManifest.xml:151:9
	android:label
		ADDED from AndroidManifest.xml:153:13
	android:parentActivityName
		ADDED from AndroidManifest.xml:154:13
	android:name
		ADDED from AndroidManifest.xml:152:13